Processing esp32dev (platform: espressif32; board: esp32dev; framework: arduino)
--------------------------------------------------------------------------------
Verbose mode can be enabled via `-v, --verbose` option
CONFIGURATION: https://docs.platformio.org/page/boards/espressif32/esp32dev.html
PLATFORM: Espressif 32 (6.13.0) > Espressif ESP32 Dev Module
HARDWARE: ESP32 240MHz, 320KB RAM, 4MB Flash
DEBUG: Current (cmsis-dap) External (cmsis-dap, esp-bridge, esp-prog, iot-bus-jtag, jlink, minimodule, olimex-arm-usb-ocd, olimex-arm-usb-ocd-h, olimex-arm-usb-tiny-h, olimex-jtag-tiny, tumpa)
PACKAGES: 
 - framework-arduinoespressif32 @ 3.20017.241212+sha.dcc1105b 
 - tool-esptoolpy @ 2.41100.0 (4.11.0) 
 - toolchain-xtensa-esp32 @ 8.4.0+2021r2-patch5
LDF: Library Dependency Finder -> https://bit.ly/configure-pio-ldf
LDF Modes: Finder ~ chain, Compatibility ~ soft
Found 69 compatible libraries
Scanning dependencies...
Dependency Graph
|-- Firebase Arduino Client Library for ESP8266 and ESP32 @ 4.4.17
|-- Adafruit MPU6050 @ 2.2.9
|-- Servo @ 1.3.0
|-- ESP32 BLE Keyboard @ 0.3.2
|-- EEPROM @ 2.0.0
|-- WiFi @ 2.0.0
Building in release mode
Compiling .pio\build\esp32dev\src\esp32\main.cpp.o
Compiling .pio\build\esp32dev\libe95\WiFi\WiFiAP.cpp.o

Processing nanoatmega168 (platform: atmelavr; board: nanoatmega168; framework: arduino)
--------------------------------------------------------------------------------
Verbose mode can be enabled via `-v, --verbose` option
CONFIGURATION: https://docs.platformio.org/page/boards/atmelavr/nanoatmega168.html
PLATFORM: Atmel AVR (5.1.0) > Arduino Nano ATmega168
HARDWARE: ATMEGA168 16MHz, 1KB RAM, 14KB Flash
DEBUG: Current (simavr) External (simavr)
PACKAGES: 
 - framework-arduino-avr @ 5.2.0 
 - toolchain-atmelavr @ 1.70300.191015 (7.3.0)
LDF: Library Dependency Finder -> https://bit.ly/configure-pio-ldf
LDF Modes: Finder ~ chain, Compatibility ~ soft
Found 33 compatible libraries
Scanning dependencies...
No dependencies
Building in release mode
Checking size .pio\build\nanoatmega168\firmware.elf
Advanced Memory Usage is available via "PlatformIO Home > Project Inspect"
RAM:   [==        ]  22.9% (used 235 bytes from 1024 bytes)
Flash: [=         ]  15.0% (used 2146 bytes from 14336 bytes)
========================= [SUCCESS] Took 1.94 seconds =========================

